Group r = 5:
size_5_QSI.txt:4082.234692795
size_5_best.txt:3498.862256397
size_5_RM.txt:3340.920187225
size_5_our.txt:4231.260761712
size_5_VEQ.txt:2709.633916398
size_5_CFL.txt:4009.337515155
size_5_CECI.txt:7098.014904446

Group r = 10:
size_10_our.txt:5926.137728722
size_10_CECI.txt:7131.206409307
size_10_RM.txt:3570.730199444
size_10_CFL.txt:4986.446853796
size_10_best.txt:4672.153590390
size_10_VEQ.txt:3408.438675688
size_10_QSI.txt:4517.777234532

Group r = 24:
size_24_CFL.txt:9829.833481903
size_24_best.txt:5919.880729458
size_24_RM.txt:2509.284206793
size_24_VEQ.txt:4027.503631665
size_24_QSI.txt:6217.702084990
size_24_our.txt:8885.120305259
size_24_CECI.txt:8387.247369805

Group r = 32:
size_32_best.txt:5603.788961110
size_32_QSI.txt:5098.109911454
size_32_VEQ.txt:3055.061265572
size_32_CFL.txt:10015.175513615
size_32_CECI.txt:7114.889359513
size_32_RM.txt:2149.176734489
size_32_our.txt:8239.025173767

Group r = 64:
size_64_RM.txt:1080.575304817
size_64_best.txt:4324.694813267
size_64_QSI.txt:2082.673321599
size_64_our.txt:7432.907975432
size_64_CFL.txt:8815.233467280
size_64_VEQ.txt:2426.582230552
size_64_CECI.txt:5273.107649866

